<?xml version="1.0" encoding="UTF-8"?>
<testng-results ignored="0" total="3" passed="3" failed="0" skipped="0">
  <reporter-output>
  </reporter-output>
  <suite started-at="2025-02-21T12:46:04 IST" name="Suite" finished-at="2025-02-21T12:46:04 IST" duration-ms="52">
    <groups>
    </groups>
    <test started-at="2025-02-21T12:46:04 IST" name="Test" finished-at="2025-02-21T12:46:04 IST" duration-ms="52">
      <class name="testng_basics.Working_With_Exclude">
        <test-method signature="CartTest()[pri:0, instance:testng_basics.Working_With_Exclude@6d3a388c]" started-at="2025-02-21T12:46:04 IST" name="CartTest" finished-at="2025-02-21T12:46:04 IST" duration-ms="11" status="PASS">
          <reporter-output>
          </reporter-output>
        </test-method> <!-- CartTest -->
        <test-method signature="RegisterTest()[pri:0, instance:testng_basics.Working_With_Exclude@6d3a388c]" started-at="2025-02-21T12:46:04 IST" name="RegisterTest" finished-at="2025-02-21T12:46:04 IST" duration-ms="3" status="PASS">
          <reporter-output>
          </reporter-output>
        </test-method> <!-- RegisterTest -->
        <test-method signature="Search()[pri:0, instance:testng_basics.Working_With_Exclude@6d3a388c]" started-at="2025-02-21T12:46:04 IST" name="Search" finished-at="2025-02-21T12:46:04 IST" duration-ms="2" status="PASS">
          <reporter-output>
          </reporter-output>
        </test-method> <!-- Search -->
      </class> <!-- testng_basics.Working_With_Exclude -->
    </test> <!-- Test -->
  </suite> <!-- Suite -->
</testng-results>
