<?xml version="1.0" encoding="UTF-8"?>
<!-- Generated by org.testng.reporters.JUnitXMLReporter -->
<testsuite ignored="0" hostname="LAPTOP-F41SU3D1" failures="0" tests="3" name="Test" time="0.052" errors="0" timestamp="2025-02-21T12:46:04 IST">
  <testcase classname="testng_basics.Working_With_Exclude" name="CartTest" time="0.011"/>
  <testcase classname="testng_basics.Working_With_Exclude" name="RegisterTest" time="0.003"/>
  <testcase classname="testng_basics.Working_With_Exclude" name="Search" time="0.002"/>
</testsuite> <!-- Test -->
